#
# A fatal error has been detected by the Java Runtime Environment:
#
#  EXCEPTION_ACCESS_VIOLATION (0xc0000005) at pc=0x00007ffc7d78f74a, pid=12164, tid=12972
#
# JRE version: Java(TM) SE Runtime Environment (14.0.2+12) (build 14.0.2+12-46)
# Java VM: Java HotSpot(TM) 64-Bit Server VM (14.0.2+12-46, mixed mode, sharing, tiered, compressed oops, g1 gc, windows-amd64)
# Problematic frame:
# C  [awt.dll+0x8f74a]
#
# No core dump will be written. Minidumps are not enabled by default on client versions of Windows
#
# If you would like to submit a bug report, please visit:
#   https://bugreport.java.com/bugreport/crash.jsp
# The crash happened outside the Java Virtual Machine in native code.
# See problematic frame for where to report the bug.
#

---------------  S U M M A R Y ------------

Command Line: -Dfile.encoding=UTF-8 antlr.debug.misc.ASTFrame

Host: Intel(R) Core(TM) i7-3770 CPU @ 3.40GHz, 8 cores, 7G,  Windows 10 , 64 bit Build 18362 (10.0.18362.1082)
Time: Fri Sep 11 17:39:58 2020 ???? (?W?€??) elapsed time: 2 seconds (0d 0h 0m 2s)

---------------  T H R E A D  ---------------

Current thread (0x000001f6af77a000):  JavaThread "main" [_thread_in_native, id=12972, stack(0x00000060bfa00000,0x00000060bfb00000)]

Stack: [0x00000060bfa00000,0x00000060bfb00000],  sp=0x00000060bfafec20,  free space=1019k
Native frames: (J=compiled Java code, j=interpreted, Vv=VM code, C=native code)
C  [awt.dll+0x8f74a]

Java frames: (J=compiled Java code, j=interpreted, Vv=VM code)
j  sun.awt.windows.WComponentPeer._setFont(Ljava/awt/Font;)V+0 java.desktop@14.0.2
j  sun.awt.windows.WComponentPeer.setFont(Ljava/awt/Font;)V+7 java.desktop@14.0.2
j  sun.awt.windows.WWindowPeer.initialize()V+42 java.desktop@14.0.2
j  sun.awt.windows.WFramePeer.initialize()V+1 java.desktop@14.0.2
j  sun.awt.windows.WComponentPeer.<init>(Ljava/awt/Component;)V+83 java.desktop@14.0.2
j  sun.awt.windows.WCanvasPeer.<init>(Ljava/awt/Component;)V+2 java.desktop@14.0.2
j  sun.awt.windows.WPanelPeer.<init>(Ljava/awt/Component;)V+2 java.desktop@14.0.2
j  sun.awt.windows.WWindowPeer.<init>(Ljava/awt/Window;)V+2 java.desktop@14.0.2
j  sun.awt.windows.WFramePeer.<init>(Ljava/awt/Frame;)V+2 java.desktop@14.0.2
j  sun.awt.windows.WToolkit.createFrame(Ljava/awt/Frame;)Ljava/awt/peer/FramePeer;+5 java.desktop@14.0.2
j  java.awt.Frame.addNotify()V+20 java.desktop@14.0.2
j  java.awt.Window.show()V+8 java.desktop@14.0.2
j  java.awt.Component.show(Z)V+5 java.desktop@14.0.2
j  java.awt.Component.setVisible(Z)V+2 java.desktop@14.0.2
j  java.awt.Window.setVisible(Z)V+2 java.desktop@14.0.2
j  antlr.debug.misc.ASTFrame.main([Ljava/lang/String;)V+74
v  ~StubRoutines::call_stub

siginfo: EXCEPTION_ACCESS_VIOLATION (0xc0000005), reading address 0x0000000000000058


Register to memory mapping:

RIP=0x00007ffc7d78f74a awt.dll
RAX=0x00007ffc7d80b660 awt.dll
RBX=0x000001f6af77a310 points into unknown readable memory: a0 1a c3 63 fc 7f 00 00
RCX=0x000001f6cf9cb0e0 points into unknown readable memory: 60 b6 80 7d fc 7f 00 00
RDX=0x0 is NULL
RSP=0x00000060bfafec20 is pointing into the stack for thread: 0x000001f6af77a000
RBP=0x0 is NULL
RSI=0x000001f6cf811db8 is a global jni handle
RDI=0x000001f6cf811dc0 is a global jni handle
R8 =0x0000000000000042 is an unknown value
R9 =0x0000000800b4cfd8 is a pointer to class: 
java.awt.Font {0x0000000800b4cfe0}
R10=0x0000000000008000 is an unknown value
R11=0x00000060bfafec20 is pointing into the stack for thread: 0x000001f6af77a000
R12=0x0 is NULL
R13={method} {0x000001f6ce9570a0} '_setFont' '(Ljava/awt/Font;)V' in 'sun/awt/windows/WComponentPeer'
R14=0x000001f6cf9cb0e0 points into unknown readable memory: 60 b6 80 7d fc 7f 00 00
R15=0x000001f6cf9d2a10 points into unknown readable memory: b8 1d 81 cf f6 01 00 00


Registers:
RAX=0x00007ffc7d80b660, RBX=0x000001f6af77a310, RCX=0x000001f6cf9cb0e0, RDX=0x0000000000000000
RSP=0x00000060bfafec20, RBP=0x0000000000000000, RSI=0x000001f6cf811db8, RDI=0x000001f6cf811dc0
R8 =0x0000000000000042, R9 =0x0000000800b4cfd8, R10=0x0000000000008000, R11=0x00000060bfafec20
R12=0x0000000000000000, R13=0x000001f6ce957098, R14=0x000001f6cf9cb0e0, R15=0x000001f6cf9d2a10
RIP=0x00007ffc7d78f74a, EFLAGS=0x0000000000010202

Top of Stack: (sp=0x00000060bfafec20)
0x00000060bfafec20:   000001f6cf9d2a10 000001f6cf9cb0e0
0x00000060bfafec30:   000001f6cf9d2a10 000001f6cf9cb0e0
0x00000060bfafec40:   000001f6cf811dc0 00007ffc7d794655
0x00000060bfafec50:   000001f6af77a310 000001f6af77a310
0x00000060bfafec60:   0000000000000000 000001f6cf811db8
0x00000060bfafec70:   000001f6af77a000 00000060bfafedc8
0x00000060bfafec80:   000001f6cf9d2a10 00007ffc7d7cd59b
0x00000060bfafec90:   00007ffc7d850018 00000060bfafeda0
0x00000060bfafeca0:   00007ffc7d794528 0000000000000000
0x00000060bfafecb0:   fffffffffffffffe fffffffffffffffe
0x00000060bfafecc0:   000001f6cf811db8 00007ffc7d79581c
0x00000060bfafecd0:   000001f6cf811dc0 00000060bfafedc0
0x00000060bfafece0:   00000060bfafedc0 00007ffc7d850018
0x00000060bfafecf0:   fffffffffffffffe 00007ffc635a6c29
0x00000060bfafed00:   000001f6b7f1a1b3 000001f6b7f20034
0x00000060bfafed10:   000001f6ce957098 00000000000002f8 

Instructions: (pc=0x00007ffc7d78f74a)
0x00007ffc7d78f64a:   00 48 8b d9 e8 d9 dc ff ff 48 8b f8 48 85 c0 75
0x00007ffc7d78f65a:   04 48 8b 7b 48 48 8b cf e8 b3 16 05 00 48 8b d8
0x00007ffc7d78f66a:   48 85 c0 74 60 83 64 24 20 00 0f 57 c0 83 64 24
0x00007ffc7d78f67a:   34 00 b9 11 00 00 00 83 64 24 38 00 f3 0f 7f 44
0x00007ffc7d78f68a:   24 24 ff 15 86 cc 0b 00 4c 8d 44 24 40 ba 5c 00
0x00007ffc7d78f69a:   00 00 48 8b c8 ff 15 2b cf 0b 00 83 f8 5c 75 0d
0x00007ffc7d78f6aa:   48 8d 54 24 40 48 8b cb e8 12 17 05 00 48 8d 54
0x00007ffc7d78f6ba:   24 20 48 8b cb e8 29 17 05 00 48 8b d3 48 8b cf
0x00007ffc7d78f6ca:   e8 d6 16 05 00 48 8b 8c 24 a0 00 00 00 48 33 cc
0x00007ffc7d78f6da:   e8 01 24 05 00 48 8b 9c 24 c8 00 00 00 48 81 c4
0x00007ffc7d78f6ea:   b0 00 00 00 5f c3 40 53 48 83 ec 20 48 8b d9 ff
0x00007ffc7d78f6fa:   15 69 d4 0b 00 48 85 c0 75 0a 48 8b 4b 48 ff 15
0x00007ffc7d78f70a:   52 d4 0b 00 48 83 c4 20 5b c3 4c 63 c2 48 8b 15
0x00007ffc7d78f71a:   2a b8 0b 00 48 ff 25 e3 d2 0b 00 cc cc cc 48 8b
0x00007ffc7d78f72a:   d1 48 8b 0d 1e e8 0b 00 48 89 15 17 e8 0b 00 e9
0x00007ffc7d78f73a:   f6 63 04 00 cc cc 48 89 5c 24 08 57 48 83 ec 20
0x00007ffc7d78f74a:   83 7a 58 00 48 8b da 48 8b f9 7d 08 48 8b ca e8
0x00007ffc7d78f75a:   4a 95 01 00 4c 8b 43 48 45 33 c9 48 8b 4f 48 4d
0x00007ffc7d78f76a:   8b 00 41 8d 51 30 ff 15 5a d5 0b 00 48 8b 4f 48
0x00007ffc7d78f77a:   33 d2 44 8d 42 01 48 8b 5c 24 30 48 83 c4 20 5f
0x00007ffc7d78f78a:   48 ff 25 f7 d3 0b 00 cc cc cc 48 8b c4 48 89 58
0x00007ffc7d78f79a:   08 48 89 68 10 48 89 70 18 48 89 78 20 41 56 48
0x00007ffc7d78f7aa:   83 ec 20 4c 8b f2 48 8b f9 48 8b 0d 3e 06 0c 00
0x00007ffc7d78f7ba:   ba 02 00 01 00 41 8b e8 e8 24 22 05 00 48 8b 97
0x00007ffc7d78f7ca:   c0 00 00 00 33 db 48 8b f0 48 85 d2 74 0d 4c 8b
0x00007ffc7d78f7da:   08 48 8b c8 41 ff 91 b0 00 00 00 4d 85 f6 74 14
0x00007ffc7d78f7ea:   48 8b 06 49 8b d6 48 8b ce ff 90 a8 00 00 00 48
0x00007ffc7d78f7fa:   8b d8 eb 05 bd 01 00 00 00 48 89 9f c0 00 00 00
0x00007ffc7d78f80a:   89 af c8 00 00 00 48 8b 5c 24 30 48 8b 6c 24 38
0x00007ffc7d78f81a:   48 8b 74 24 40 48 8b 7c 24 48 48 83 c4 20 41 5e
0x00007ffc7d78f82a:   c3 cc 48 89 5c 24 08 48 89 6c 24 10 48 89 74 24
0x00007ffc7d78f83a:   18 57 48 83 ec 20 33 db 48 8b f9 48 85 c9 75 09 


Stack slot to memory mapping:
stack at sp + 0 slots: 0x000001f6cf9d2a10 points into unknown readable memory: b8 1d 81 cf f6 01 00 00
stack at sp + 1 slots: 0x000001f6cf9cb0e0 points into unknown readable memory: 60 b6 80 7d fc 7f 00 00
stack at sp + 2 slots: 0x000001f6cf9d2a10 points into unknown readable memory: b8 1d 81 cf f6 01 00 00
stack at sp + 3 slots: 0x000001f6cf9cb0e0 points into unknown readable memory: 60 b6 80 7d fc 7f 00 00
stack at sp + 4 slots: 0x000001f6cf811dc0 is a global jni handle
stack at sp + 5 slots: 0x00007ffc7d794655 awt.dll
stack at sp + 6 slots: 0x000001f6af77a310 points into unknown readable memory: a0 1a c3 63 fc 7f 00 00
stack at sp + 7 slots: 0x000001f6af77a310 points into unknown readable memory: a0 1a c3 63 fc 7f 00 00


---------------  P R O C E S S  ---------------

Threads class SMR info:
_java_thread_list=0x000001f6cf9358d0, length=16, elements={
0x000001f6af77a000, 0x000001f6ce7b7000, 0x000001f6ce7b8800, 0x000001f6ce7d0800,
0x000001f6ce7d3800, 0x000001f6ce7d5800, 0x000001f6ce7de800, 0x000001f6ce7ea000,
0x000001f6cf0a0800, 0x000001f6cf205800, 0x000001f6cf209800, 0x000001f6cf78b000,
0x000001f6cf798800, 0x000001f6cf819000, 0x000001f6cf790800, 0x000001f6cf934000
}

Java Threads: ( => current thread )
=>0x000001f6af77a000 JavaThread "main" [_thread_in_native, id=12972, stack(0x00000060bfa00000,0x00000060bfb00000)]
  0x000001f6ce7b7000 JavaThread "Reference Handler" daemon [_thread_blocked, id=15792, stack(0x00000060c0100000,0x00000060c0200000)]
  0x000001f6ce7b8800 JavaThread "Finalizer" daemon [_thread_blocked, id=14044, stack(0x00000060c0200000,0x00000060c0300000)]
  0x000001f6ce7d0800 JavaThread "Signal Dispatcher" daemon [_thread_blocked, id=10512, stack(0x00000060c0300000,0x00000060c0400000)]
  0x000001f6ce7d3800 JavaThread "Attach Listener" daemon [_thread_blocked, id=10676, stack(0x00000060c0400000,0x00000060c0500000)]
  0x000001f6ce7d5800 JavaThread "Service Thread" daemon [_thread_blocked, id=14416, stack(0x00000060c0500000,0x00000060c0600000)]
  0x000001f6ce7de800 JavaThread "C2 CompilerThread0" daemon [_thread_blocked, id=432, stack(0x00000060c0600000,0x00000060c0700000)]
  0x000001f6ce7ea000 JavaThread "C1 CompilerThread0" daemon [_thread_blocked, id=5736, stack(0x00000060c0700000,0x00000060c0800000)]
  0x000001f6cf0a0800 JavaThread "Sweeper thread" daemon [_thread_blocked, id=240, stack(0x00000060c0800000,0x00000060c0900000)]
  0x000001f6cf205800 JavaThread "Notification Thread" daemon [_thread_blocked, id=3836, stack(0x00000060c0900000,0x00000060c0a00000)]
  0x000001f6cf209800 JavaThread "Common-Cleaner" daemon [_thread_blocked, id=12540, stack(0x00000060c0b00000,0x00000060c0c00000)]
  0x000001f6cf78b000 JavaThread "Java2D Disposer" daemon [_thread_blocked, id=15004, stack(0x00000060c0c00000,0x00000060c0d00000)]
  0x000001f6cf798800 JavaThread "AWT-Windows" daemon [_thread_in_native, id=15824, stack(0x00000060c0e00000,0x00000060c0f00000)]
  0x000001f6cf819000 JavaThread "Image Fetcher 0" daemon [_thread_blocked, id=14296, stack(0x00000060c0f00000,0x00000060c1000000)]
  0x000001f6cf790800 JavaThread "AWT-Shutdown" [_thread_blocked, id=8244, stack(0x00000060c0d00000,0x00000060c0e00000)]
  0x000001f6cf934000 JavaThread "AWT-EventQueue-0" [_thread_blocked, id=14000, stack(0x00000060c1000000,0x00000060c1100000)]

Other Threads:
  0x000001f6ce7af000 VMThread "VM Thread" [stack: 0x00000060c0000000,0x00000060c0100000] [id=6060]
  0x000001f6cf208000 WatcherThread [stack: 0x00000060c0a00000,0x00000060c0b00000] [id=15604]
  0x000001f6af7bc800 GCTaskThread "GC Thread#0" [stack: 0x00000060bfb00000,0x00000060bfc00000] [id=17224]
  0x000001f6af7cf800 ConcurrentGCThread "G1 Main Marker" [stack: 0x00000060bfc00000,0x00000060bfd00000] [id=16616]
  0x000001f6af7d1000 ConcurrentGCThread "G1 Conc#0" [stack: 0x00000060bfd00000,0x00000060bfe00000] [id=16216]
  0x000001f6ce624800 ConcurrentGCThread "G1 Refine#0" [stack: 0x00000060bfe00000,0x00000060bff00000] [id=17172]
  0x000001f6ce625800 ConcurrentGCThread "G1 Young RemSet Sampling" [stack: 0x00000060bff00000,0x00000060c0000000] [id=15840]

Threads with active compile tasks:

VM state:not at safepoint (normal execution)

VM Mutex/Monitor currently owned by a thread: None

Heap address: 0x0000000081c00000, size: 2020 MB, Compressed Oops mode: 32-bit
Narrow klass base: 0x0000000800000000, Narrow klass shift: 3
Compressed class space size: 1073741824 Address: 0x0000000800b30000

Heap:
 garbage-first heap   total 131072K, used 12288K [0x0000000081c00000, 0x0000000100000000)
  region size 1024K, 13 young (13312K), 0 survivors (0K)
 Metaspace       used 7643K, capacity 7910K, committed 8192K, reserved 1056768K
  class space    used 860K, capacity 962K, committed 1024K, reserved 1048576K
Heap Regions: E=young(eden), S=young(survivor), O=old, HS=humongous(starts), HC=humongous(continues), CS=collection set, F=free, OA=open archive, CA=closed archive, TAMS=top-at-mark-start (previous, next)
|   0|0x0000000081c00000, 0x0000000081d00000, 0x0000000081d00000|100%|HS|  |TAMS 0x0000000081c00000, 0x0000000081c00000| Complete 
|   1|0x0000000081d00000, 0x0000000081d00000, 0x0000000081e00000|  0%| F|  |TAMS 0x0000000081d00000, 0x0000000081d00000| Untracked 
|   2|0x0000000081e00000, 0x0000000081e00000, 0x0000000081f00000|  0%| F|  |TAMS 0x0000000081e00000, 0x0000000081e00000| Untracked 
|   3|0x0000000081f00000, 0x0000000081f00000, 0x0000000082000000|  0%| F|  |TAMS 0x0000000081f00000, 0x0000000081f00000| Untracked 
|   4|0x0000000082000000, 0x0000000082000000, 0x0000000082100000|  0%| F|  |TAMS 0x0000000082000000, 0x0000000082000000| Untracked 
|   5|0x0000000082100000, 0x0000000082100000, 0x0000000082200000|  0%| F|  |TAMS 0x0000000082100000, 0x0000000082100000| Untracked 
|   6|0x0000000082200000, 0x0000000082200000, 0x0000000082300000|  0%| F|  |TAMS 0x0000000082200000, 0x0000000082200000| Untracked 
|   7|0x0000000082300000, 0x0000000082300000, 0x0000000082400000|  0%| F|  |TAMS 0x0000000082300000, 0x0000000082300000| Untracked 
|   8|0x0000000082400000, 0x0000000082400000, 0x0000000082500000|  0%| F|  |TAMS 0x0000000082400000, 0x0000000082400000| Untracked 
|   9|0x0000000082500000, 0x0000000082500000, 0x0000000082600000|  0%| F|  |TAMS 0x0000000082500000, 0x0000000082500000| Untracked 
|  10|0x0000000082600000, 0x0000000082600000, 0x0000000082700000|  0%| F|  |TAMS 0x0000000082600000, 0x0000000082600000| Untracked 
|  11|0x0000000082700000, 0x0000000082700000, 0x0000000082800000|  0%| F|  |TAMS 0x0000000082700000, 0x0000000082700000| Untracked 
|  12|0x0000000082800000, 0x0000000082800000, 0x0000000082900000|  0%| F|  |TAMS 0x0000000082800000, 0x0000000082800000| Untracked 
|  13|0x0000000082900000, 0x0000000082900000, 0x0000000082a00000|  0%| F|  |TAMS 0x0000000082900000, 0x0000000082900000| Untracked 
|  14|0x0000000082a00000, 0x0000000082a00000, 0x0000000082b00000|  0%| F|  |TAMS 0x0000000082a00000, 0x0000000082a00000| Untracked 
|  15|0x0000000082b00000, 0x0000000082b00000, 0x0000000082c00000|  0%| F|  |TAMS 0x0000000082b00000, 0x0000000082b00000| Untracked 
|  16|0x0000000082c00000, 0x0000000082c00000, 0x0000000082d00000|  0%| F|  |TAMS 0x0000000082c00000, 0x0000000082c00000| Untracked 
|  17|0x0000000082d00000, 0x0000000082d00000, 0x0000000082e00000|  0%| F|  |TAMS 0x0000000082d00000, 0x0000000082d00000| Untracked 
|  18|0x0000000082e00000, 0x0000000082e00000, 0x0000000082f00000|  0%| F|  |TAMS 0x0000000082e00000, 0x0000000082e00000| Untracked 
|  19|0x0000000082f00000, 0x0000000082f00000, 0x0000000083000000|  0%| F|  |TAMS 0x0000000082f00000, 0x0000000082f00000| Untracked 
|  20|0x0000000083000000, 0x0000000083000000, 0x0000000083100000|  0%| F|  |TAMS 0x0000000083000000, 0x0000000083000000| Untracked 
|  21|0x0000000083100000, 0x0000000083100000, 0x0000000083200000|  0%| F|  |TAMS 0x0000000083100000, 0x0000000083100000| Untracked 
|  22|0x0000000083200000, 0x0000000083200000, 0x0000000083300000|  0%| F|  |TAMS 0x0000000083200000, 0x0000000083200000| Untracked 
|  23|0x0000000083300000, 0x0000000083300000, 0x0000000083400000|  0%| F|  |TAMS 0x0000000083300000, 0x0000000083300000| Untracked 
|  24|0x0000000083400000, 0x0000000083400000, 0x0000000083500000|  0%| F|  |TAMS 0x0000000083400000, 0x0000000083400000| Untracked 
|  25|0x0000000083500000, 0x0000000083500000, 0x0000000083600000|  0%| F|  |TAMS 0x0000000083500000, 0x0000000083500000| Untracked 
|  26|0x0000000083600000, 0x0000000083600000, 0x0000000083700000|  0%| F|  |TAMS 0x0000000083600000, 0x0000000083600000| Untracked 
|  27|0x0000000083700000, 0x0000000083700000, 0x0000000083800000|  0%| F|  |TAMS 0x0000000083700000, 0x0000000083700000| Untracked 
|  28|0x0000000083800000, 0x0000000083800000, 0x0000000083900000|  0%| F|  |TAMS 0x0000000083800000, 0x0000000083800000| Untracked 
|  29|0x0000000083900000, 0x0000000083900000, 0x0000000083a00000|  0%| F|  |TAMS 0x0000000083900000, 0x0000000083900000| Untracked 
|  30|0x0000000083a00000, 0x0000000083a00000, 0x0000000083b00000|  0%| F|  |TAMS 0x0000000083a00000, 0x0000000083a00000| Untracked 
|  31|0x0000000083b00000, 0x0000000083b00000, 0x0000000083c00000|  0%| F|  |TAMS 0x0000000083b00000, 0x0000000083b00000| Untracked 
|  32|0x0000000083c00000, 0x0000000083c00000, 0x0000000083d00000|  0%| F|  |TAMS 0x0000000083c00000, 0x0000000083c00000| Untracked 
|  33|0x0000000083d00000, 0x0000000083d00000, 0x0000000083e00000|  0%| F|  |TAMS 0x0000000083d00000, 0x0000000083d00000| Untracked 
|  34|0x0000000083e00000, 0x0000000083e00000, 0x0000000083f00000|  0%| F|  |TAMS 0x0000000083e00000, 0x0000000083e00000| Untracked 
|  35|0x0000000083f00000, 0x0000000083f00000, 0x0000000084000000|  0%| F|  |TAMS 0x0000000083f00000, 0x0000000083f00000| Untracked 
|  36|0x0000000084000000, 0x0000000084000000, 0x0000000084100000|  0%| F|  |TAMS 0x0000000084000000, 0x0000000084000000| Untracked 
|  37|0x0000000084100000, 0x0000000084100000, 0x0000000084200000|  0%| F|  |TAMS 0x0000000084100000, 0x0000000084100000| Untracked 
|  38|0x0000000084200000, 0x0000000084200000, 0x0000000084300000|  0%| F|  |TAMS 0x0000000084200000, 0x0000000084200000| Untracked 
|  39|0x0000000084300000, 0x0000000084300000, 0x0000000084400000|  0%| F|  |TAMS 0x0000000084300000, 0x0000000084300000| Untracked 
|  40|0x0000000084400000, 0x0000000084400000, 0x0000000084500000|  0%| F|  |TAMS 0x0000000084400000, 0x0000000084400000| Untracked 
|  41|0x0000000084500000, 0x0000000084500000, 0x0000000084600000|  0%| F|  |TAMS 0x0000000084500000, 0x0000000084500000| Untracked 
|  42|0x0000000084600000, 0x0000000084600000, 0x0000000084700000|  0%| F|  |TAMS 0x0000000084600000, 0x0000000084600000| Untracked 
|  43|0x0000000084700000, 0x0000000084700000, 0x0000000084800000|  0%| F|  |TAMS 0x0000000084700000, 0x0000000084700000| Untracked 
|  44|0x0000000084800000, 0x0000000084800000, 0x0000000084900000|  0%| F|  |TAMS 0x0000000084800000, 0x0000000084800000| Untracked 
|  45|0x0000000084900000, 0x0000000084900000, 0x0000000084a00000|  0%| F|  |TAMS 0x0000000084900000, 0x0000000084900000| Untracked 
|  46|0x0000000084a00000, 0x0000000084a00000, 0x0000000084b00000|  0%| F|  |TAMS 0x0000000084a00000, 0x0000000084a00000| Untracked 
|  47|0x0000000084b00000, 0x0000000084b00000, 0x0000000084c00000|  0%| F|  |TAMS 0x0000000084b00000, 0x0000000084b00000| Untracked 
|  48|0x0000000084c00000, 0x0000000084c00000, 0x0000000084d00000|  0%| F|  |TAMS 0x0000000084c00000, 0x0000000084c00000| Untracked 
|  49|0x0000000084d00000, 0x0000000084d00000, 0x0000000084e00000|  0%| F|  |TAMS 0x0000000084d00000, 0x0000000084d00000| Untracked 
|  50|0x0000000084e00000, 0x0000000084e00000, 0x0000000084f00000|  0%| F|  |TAMS 0x0000000084e00000, 0x0000000084e00000| Untracked 
|  51|0x0000000084f00000, 0x0000000084f00000, 0x0000000085000000|  0%| F|  |TAMS 0x0000000084f00000, 0x0000000084f00000| Untracked 
|  52|0x0000000085000000, 0x0000000085000000, 0x0000000085100000|  0%| F|  |TAMS 0x0000000085000000, 0x0000000085000000| Untracked 
|  53|0x0000000085100000, 0x0000000085100000, 0x0000000085200000|  0%| F|  |TAMS 0x0000000085100000, 0x0000000085100000| Untracked 
|  54|0x0000000085200000, 0x0000000085200000, 0x0000000085300000|  0%| F|  |TAMS 0x0000000085200000, 0x0000000085200000| Untracked 
|  55|0x0000000085300000, 0x0000000085300000, 0x0000000085400000|  0%| F|  |TAMS 0x0000000085300000, 0x0000000085300000| Untracked 
|  56|0x0000000085400000, 0x0000000085400000, 0x0000000085500000|  0%| F|  |TAMS 0x0000000085400000, 0x0000000085400000| Untracked 
|  57|0x0000000085500000, 0x0000000085500000, 0x0000000085600000|  0%| F|  |TAMS 0x0000000085500000, 0x0000000085500000| Untracked 
|  58|0x0000000085600000, 0x0000000085600000, 0x0000000085700000|  0%| F|  |TAMS 0x0000000085600000, 0x0000000085600000| Untracked 
|  59|0x0000000085700000, 0x0000000085700000, 0x0000000085800000|  0%| F|  |TAMS 0x0000000085700000, 0x0000000085700000| Untracked 
|  60|0x0000000085800000, 0x0000000085800000, 0x0000000085900000|  0%| F|  |TAMS 0x0000000085800000, 0x0000000085800000| Untracked 
|  61|0x0000000085900000, 0x0000000085900000, 0x0000000085a00000|  0%| F|  |TAMS 0x0000000085900000, 0x0000000085900000| Untracked 
|  62|0x0000000085a00000, 0x0000000085a00000, 0x0000000085b00000|  0%| F|  |TAMS 0x0000000085a00000, 0x0000000085a00000| Untracked 
|  63|0x0000000085b00000, 0x0000000085b00000, 0x0000000085c00000|  0%| F|  |TAMS 0x0000000085b00000, 0x0000000085b00000| Untracked 
|  64|0x0000000085c00000, 0x0000000085c00000, 0x0000000085d00000|  0%| F|  |TAMS 0x0000000085c00000, 0x0000000085c00000| Untracked 
|  65|0x0000000085d00000, 0x0000000085d00000, 0x0000000085e00000|  0%| F|  |TAMS 0x0000000085d00000, 0x0000000085d00000| Untracked 
|  66|0x0000000085e00000, 0x0000000085e00000, 0x0000000085f00000|  0%| F|  |TAMS 0x0000000085e00000, 0x0000000085e00000| Untracked 
|  67|0x0000000085f00000, 0x0000000085f00000, 0x0000000086000000|  0%| F|  |TAMS 0x0000000085f00000, 0x0000000085f00000| Untracked 
|  68|0x0000000086000000, 0x0000000086000000, 0x0000000086100000|  0%| F|  |TAMS 0x0000000086000000, 0x0000000086000000| Untracked 
|  69|0x0000000086100000, 0x0000000086100000, 0x0000000086200000|  0%| F|  |TAMS 0x0000000086100000, 0x0000000086100000| Untracked 
|  70|0x0000000086200000, 0x0000000086200000, 0x0000000086300000|  0%| F|  |TAMS 0x0000000086200000, 0x0000000086200000| Untracked 
|  71|0x0000000086300000, 0x0000000086300000, 0x0000000086400000|  0%| F|  |TAMS 0x0000000086300000, 0x0000000086300000| Untracked 
|  72|0x0000000086400000, 0x0000000086400000, 0x0000000086500000|  0%| F|  |TAMS 0x0000000086400000, 0x0000000086400000| Untracked 
|  73|0x0000000086500000, 0x0000000086500000, 0x0000000086600000|  0%| F|  |TAMS 0x0000000086500000, 0x0000000086500000| Untracked 
|  74|0x0000000086600000, 0x0000000086600000, 0x0000000086700000|  0%| F|  |TAMS 0x0000000086600000, 0x0000000086600000| Untracked 
|  75|0x0000000086700000, 0x0000000086700000, 0x0000000086800000|  0%| F|  |TAMS 0x0000000086700000, 0x0000000086700000| Untracked 
|  76|0x0000000086800000, 0x0000000086800000, 0x0000000086900000|  0%| F|  |TAMS 0x0000000086800000, 0x0000000086800000| Untracked 
|  77|0x0000000086900000, 0x0000000086900000, 0x0000000086a00000|  0%| F|  |TAMS 0x0000000086900000, 0x0000000086900000| Untracked 
|  78|0x0000000086a00000, 0x0000000086a00000, 0x0000000086b00000|  0%| F|  |TAMS 0x0000000086a00000, 0x0000000086a00000| Untracked 
|  79|0x0000000086b00000, 0x0000000086b00000, 0x0000000086c00000|  0%| F|  |TAMS 0x0000000086b00000, 0x0000000086b00000| Untracked 
|  80|0x0000000086c00000, 0x0000000086c00000, 0x0000000086d00000|  0%| F|  |TAMS 0x0000000086c00000, 0x0000000086c00000| Untracked 
|  81|0x0000000086d00000, 0x0000000086d00000, 0x0000000086e00000|  0%| F|  |TAMS 0x0000000086d00000, 0x0000000086d00000| Untracked 
|  82|0x0000000086e00000, 0x0000000086e00000, 0x0000000086f00000|  0%| F|  |TAMS 0x0000000086e00000, 0x0000000086e00000| Untracked 
|  83|0x0000000086f00000, 0x0000000086f00000, 0x0000000087000000|  0%| F|  |TAMS 0x0000000086f00000, 0x0000000086f00000| Untracked 
|  84|0x0000000087000000, 0x0000000087000000, 0x0000000087100000|  0%| F|  |TAMS 0x0000000087000000, 0x0000000087000000| Untracked 
|  85|0x0000000087100000, 0x0000000087100000, 0x0000000087200000|  0%| F|  |TAMS 0x0000000087100000, 0x0000000087100000| Untracked 
|  86|0x0000000087200000, 0x0000000087200000, 0x0000000087300000|  0%| F|  |TAMS 0x0000000087200000, 0x0000000087200000| Untracked 
|  87|0x0000000087300000, 0x0000000087300000, 0x0000000087400000|  0%| F|  |TAMS 0x0000000087300000, 0x0000000087300000| Untracked 
|  88|0x0000000087400000, 0x0000000087400000, 0x0000000087500000|  0%| F|  |TAMS 0x0000000087400000, 0x0000000087400000| Untracked 
|  89|0x0000000087500000, 0x0000000087500000, 0x0000000087600000|  0%| F|  |TAMS 0x0000000087500000, 0x0000000087500000| Untracked 
|  90|0x0000000087600000, 0x0000000087600000, 0x0000000087700000|  0%| F|  |TAMS 0x0000000087600000, 0x0000000087600000| Untracked 
|  91|0x0000000087700000, 0x0000000087700000, 0x0000000087800000|  0%| F|  |TAMS 0x0000000087700000, 0x0000000087700000| Untracked 
|  92|0x0000000087800000, 0x0000000087800000, 0x0000000087900000|  0%| F|  |TAMS 0x0000000087800000, 0x0000000087800000| Untracked 
|  93|0x0000000087900000, 0x0000000087900000, 0x0000000087a00000|  0%| F|  |TAMS 0x0000000087900000, 0x0000000087900000| Untracked 
|  94|0x0000000087a00000, 0x0000000087a00000, 0x0000000087b00000|  0%| F|  |TAMS 0x0000000087a00000, 0x0000000087a00000| Untracked 
|  95|0x0000000087b00000, 0x0000000087b00000, 0x0000000087c00000|  0%| F|  |TAMS 0x0000000087b00000, 0x0000000087b00000| Untracked 
|  96|0x0000000087c00000, 0x0000000087c00000, 0x0000000087d00000|  0%| F|  |TAMS 0x0000000087c00000, 0x0000000087c00000| Untracked 
|  97|0x0000000087d00000, 0x0000000087d00000, 0x0000000087e00000|  0%| F|  |TAMS 0x0000000087d00000, 0x0000000087d00000| Untracked 
|  98|0x0000000087e00000, 0x0000000087e00000, 0x0000000087f00000|  0%| F|  |TAMS 0x0000000087e00000, 0x0000000087e00000| Untracked 
|  99|0x0000000087f00000, 0x0000000087f00000, 0x0000000088000000|  0%| F|  |TAMS 0x0000000087f00000, 0x0000000087f00000| Untracked 
| 100|0x0000000088000000, 0x0000000088000000, 0x0000000088100000|  0%| F|  |TAMS 0x0000000088000000, 0x0000000088000000| Untracked 
| 101|0x0000000088100000, 0x0000000088100000, 0x0000000088200000|  0%| F|  |TAMS 0x0000000088100000, 0x0000000088100000| Untracked 
| 102|0x0000000088200000, 0x0000000088200000, 0x0000000088300000|  0%| F|  |TAMS 0x0000000088200000, 0x0000000088200000| Untracked 
| 103|0x0000000088300000, 0x0000000088300000, 0x0000000088400000|  0%| F|  |TAMS 0x0000000088300000, 0x0000000088300000| Untracked 
| 104|0x0000000088400000, 0x0000000088400000, 0x0000000088500000|  0%| F|  |TAMS 0x0000000088400000, 0x0000000088400000| Untracked 
| 105|0x0000000088500000, 0x0000000088500000, 0x0000000088600000|  0%| F|  |TAMS 0x0000000088500000, 0x0000000088500000| Untracked 
| 106|0x0000000088600000, 0x0000000088600000, 0x0000000088700000|  0%| F|  |TAMS 0x0000000088600000, 0x0000000088600000| Untracked 
| 107|0x0000000088700000, 0x0000000088700000, 0x0000000088800000|  0%| F|  |TAMS 0x0000000088700000, 0x0000000088700000| Untracked 
| 108|0x0000000088800000, 0x0000000088800000, 0x0000000088900000|  0%| F|  |TAMS 0x0000000088800000, 0x0000000088800000| Untracked 
| 109|0x0000000088900000, 0x0000000088900000, 0x0000000088a00000|  0%| F|  |TAMS 0x0000000088900000, 0x0000000088900000| Untracked 
| 110|0x0000000088a00000, 0x0000000088a00000, 0x0000000088b00000|  0%| F|  |TAMS 0x0000000088a00000, 0x0000000088a00000| Untracked 
| 111|0x0000000088b00000, 0x0000000088b00000, 0x0000000088c00000|  0%| F|  |TAMS 0x0000000088b00000, 0x0000000088b00000| Untracked 
| 112|0x0000000088c00000, 0x0000000088c00000, 0x0000000088d00000|  0%| F|  |TAMS 0x0000000088c00000, 0x0000000088c00000| Untracked 
| 113|0x0000000088d00000, 0x0000000088d00000, 0x0000000088e00000|  0%| F|  |TAMS 0x0000000088d00000, 0x0000000088d00000| Untracked 
| 114|0x0000000088e00000, 0x0000000088e00000, 0x0000000088f00000|  0%| F|  |TAMS 0x0000000088e00000, 0x0000000088e00000| Untracked 
| 115|0x0000000088f00000, 0x0000000088f76448, 0x0000000089000000| 46%| E|  |TAMS 0x0000000088f00000, 0x0000000088f00000| Complete 
| 116|0x0000000089000000, 0x0000000089100000, 0x0000000089100000|100%| E|CS|TAMS 0x0000000089000000, 0x0000000089000000| Complete 
| 117|0x0000000089100000, 0x0000000089200000, 0x0000000089200000|100%| E|CS|TAMS 0x0000000089100000, 0x0000000089100000| Complete 
| 118|0x0000000089200000, 0x0000000089300000, 0x0000000089300000|100%| E|CS|TAMS 0x0000000089200000, 0x0000000089200000| Complete 
| 119|0x0000000089300000, 0x0000000089400000, 0x0000000089400000|100%| E|CS|TAMS 0x0000000089300000, 0x0000000089300000| Complete 
| 120|0x0000000089400000, 0x0000000089500000, 0x0000000089500000|100%| E|CS|TAMS 0x0000000089400000, 0x0000000089400000| Complete 
| 121|0x0000000089500000, 0x0000000089600000, 0x0000000089600000|100%| E|CS|TAMS 0x0000000089500000, 0x0000000089500000| Complete 
| 122|0x0000000089600000, 0x0000000089700000, 0x0000000089700000|100%| E|CS|TAMS 0x0000000089600000, 0x0000000089600000| Complete 
| 123|0x0000000089700000, 0x0000000089800000, 0x0000000089800000|100%| E|  |TAMS 0x0000000089700000, 0x0000000089700000| Complete 
| 124|0x0000000089800000, 0x0000000089900000, 0x0000000089900000|100%| E|CS|TAMS 0x0000000089800000, 0x0000000089800000| Complete 
| 125|0x0000000089900000, 0x0000000089a00000, 0x0000000089a00000|100%| E|CS|TAMS 0x0000000089900000, 0x0000000089900000| Complete 
| 126|0x0000000089a00000, 0x0000000089b00000, 0x0000000089b00000|100%| E|CS|TAMS 0x0000000089a00000, 0x0000000089a00000| Complete 
| 127|0x0000000089b00000, 0x0000000089c00000, 0x0000000089c00000|100%| E|CS|TAMS 0x0000000089b00000, 0x0000000089b00000| Complete 

Card table byte_map: [0x000001f6c7640000,0x000001f6c7a40000] _byte_map_base: 0x000001f6c7232000

Marking Bits (Prev, Next): (CMBitMap*) 0x000001f6af7be6b8, (CMBitMap*) 0x000001f6af7be6f8
 Prev Bits: [0x000001f6c7e40000, 0x000001f6c9dd0000)
 Next Bits: [0x000001f6c9dd0000, 0x000001f6cbd60000)

Polling page: 0x000001f6aef40000

Metaspace:

Usage:
  Non-class:      6.79 MB capacity,     6.62 MB ( 98%) used,   145.98 KB (  2%) free+waste,    18.94 KB ( <1%) overhead. 
      Class:    962.00 KB capacity,   860.07 KB ( 89%) used,    89.37 KB (  9%) free+waste,    12.56 KB (  1%) overhead. 
       Both:      7.72 MB capacity,     7.46 MB ( 97%) used,   235.34 KB (  3%) free+waste,    31.50 KB ( <1%) overhead. 

Virtual space:
  Non-class space:        8.00 MB reserved,       7.00 MB ( 88%) committed 
      Class space:        1.00 GB reserved,       1.00 MB ( <1%) committed 
             Both:        1.01 GB reserved,       8.00 MB ( <1%) committed 

Chunk freelists:
   Non-Class:  28.00 KB
       Class:  0 bytes
        Both:  28.00 KB

MaxMetaspaceSize: 17179869184.00 GB
CompressedClassSpaceSize: 1.00 GB

CodeHeap 'non-profiled nmethods': size=120000Kb used=229Kb max_used=229Kb free=119770Kb
 bounds [0x000001f6bf9e0000, 0x000001f6bfc50000, 0x000001f6c6f10000]
CodeHeap 'profiled nmethods': size=120000Kb used=1232Kb max_used=1232Kb free=118767Kb
 bounds [0x000001f6b84b0000, 0x000001f6b8720000, 0x000001f6bf9e0000]
CodeHeap 'non-nmethods': size=5760Kb used=1264Kb max_used=1278Kb free=4495Kb
 bounds [0x000001f6b7f10000, 0x000001f6b8180000, 0x000001f6b84b0000]
 total_blobs=1348 nmethods=799 adapters=462
 compilation: enabled
              stopped_count=0, restarted_count=0
 full_count=0

Compilation events (20 events):
Event: 2.422 Thread 0x000001f6ce7ea000  789  s!   3       jdk.internal.loader.URLClassPath::getLoader (194 bytes)
Event: 2.423 Thread 0x000001f6ce7ea000 nmethod 789 0x000001f6b85da510 code [0x000001f6b85da8e0, 0x000001f6b85dca28]
Event: 2.423 Thread 0x000001f6ce7ea000  790   !   3       jdk.internal.loader.URLClassPath$JarLoader::getResource (65 bytes)
Event: 2.424 Thread 0x000001f6ce7ea000 nmethod 790 0x000001f6b85dd810 code [0x000001f6b85ddac0, 0x000001f6b85de988]
Event: 2.436 Thread 0x000001f6ce7ea000  791       3       java.lang.invoke.LambdaForm::useCount (90 bytes)
Event: 2.437 Thread 0x000001f6ce7ea000 nmethod 791 0x000001f6b85dee90 code [0x000001f6b85df060, 0x000001f6b85df418]
Event: 2.437 Thread 0x000001f6ce7ea000  792       3       java.lang.invoke.LambdaForm::lastUseIndex (76 bytes)
Event: 2.437 Thread 0x000001f6ce7ea000 nmethod 792 0x000001f6b85df610 code [0x000001f6b85df7c0, 0x000001f6b85dfae8]
Event: 2.437 Thread 0x000001f6ce7ea000  793       3       java.lang.invoke.LambdaForm$Name::internArguments (59 bytes)
Event: 2.438 Thread 0x000001f6ce7ea000 nmethod 793 0x000001f6b85dfc90 code [0x000001f6b85dfe80, 0x000001f6b85e05c8]
Event: 2.438 Thread 0x000001f6ce7ea000  796       3       java.lang.invoke.LambdaForm$Name::<init> (44 bytes)
Event: 2.438 Thread 0x000001f6ce7ea000 nmethod 796 0x000001f6b85e0790 code [0x000001f6b85e09a0, 0x000001f6b85e0f68]
Event: 2.438 Thread 0x000001f6ce7ea000  795       3       java.lang.invoke.LambdaFormBuffer::ownedCount (7 bytes)
Event: 2.438 Thread 0x000001f6ce7ea000 nmethod 795 0x000001f6b85e1290 code [0x000001f6b85e1420, 0x000001f6b85e1538]
Event: 2.438 Thread 0x000001f6ce7ea000  794       3       java.lang.invoke.LambdaFormBuffer::changeName (149 bytes)
Event: 2.439 Thread 0x000001f6ce7ea000 nmethod 794 0x000001f6b85e1610 code [0x000001f6b85e17e0, 0x000001f6b85e1d48]
Event: 2.439 Thread 0x000001f6ce7ea000  798       3       jdk.internal.org.objectweb.asm.Frame::push (63 bytes)
Event: 2.439 Thread 0x000001f6ce7ea000 nmethod 798 0x000001f6b85e1f10 code [0x000001f6b85e2180, 0x000001f6b85e2b28]
Event: 2.439 Thread 0x000001f6ce7ea000  797       3       jdk.internal.org.objectweb.asm.MethodWriter::visitFieldInsn (258 bytes)
Event: 2.440 Thread 0x000001f6ce7ea000 nmethod 797 0x000001f6b85e2f10 code [0x000001f6b85e3180, 0x000001f6b85e3d48]

GC Heap History (0 events):
No events

Deoptimization events (20 events):
Event: 0.421 Thread 0x000001f6af77a000 Uncommon trap: trap_request=0xffffff45 fr.pc=0x000001f6bf9e54c0 relative=0x00000000000001e0
Event: 0.421 Thread 0x000001f6af77a000 Uncommon trap: reason=unstable_if action=reinterpret pc=0x000001f6bf9e54c0 method=java.lang.String.hashCode()I @ 13 c2
Event: 0.421 Thread 0x000001f6af77a000 DEOPT PACKING pc=0x000001f6bf9e54c0 sp=0x00000060bfafd0f0
Event: 0.421 Thread 0x000001f6af77a000 DEOPT UNPACKING pc=0x000001f6b7f5912f sp=0x00000060bfafd088 mode 2
Event: 2.192 Thread 0x000001f6cf798800 Uncommon trap: trap_request=0xffffffde fr.pc=0x000001f6bfa0e240 relative=0x0000000000000860
Event: 2.192 Thread 0x000001f6cf798800 Uncommon trap: reason=class_check action=maybe_recompile pc=0x000001f6bfa0e240 method=java.util.HashMap.putVal(ILjava/lang/Object;Ljava/lang/Object;ZZ)Ljava/lang/Object; @ 203 c2
Event: 2.192 Thread 0x000001f6cf798800 DEOPT PACKING pc=0x000001f6bfa0e240 sp=0x00000060c0efdac0
Event: 2.192 Thread 0x000001f6cf798800 DEOPT UNPACKING pc=0x000001f6b7f5912f sp=0x00000060c0efda40 mode 2
Event: 2.193 Thread 0x000001f6cf798800 Uncommon trap: trap_request=0xffffffde fr.pc=0x000001f6bfa0e1f0 relative=0x0000000000000810
Event: 2.193 Thread 0x000001f6cf798800 Uncommon trap: reason=class_check action=maybe_recompile pc=0x000001f6bfa0e1f0 method=java.util.HashMap.putVal(ILjava/lang/Object;Ljava/lang/Object;ZZ)Ljava/lang/Object; @ 91 c2
Event: 2.193 Thread 0x000001f6cf798800 DEOPT PACKING pc=0x000001f6bfa0e1f0 sp=0x00000060c0efdaf0
Event: 2.193 Thread 0x000001f6cf798800 DEOPT UNPACKING pc=0x000001f6b7f5912f sp=0x00000060c0efda70 mode 2
Event: 2.193 Thread 0x000001f6cf798800 Uncommon trap: trap_request=0xffffffde fr.pc=0x000001f6bfa0e240 relative=0x0000000000000860
Event: 2.193 Thread 0x000001f6cf798800 Uncommon trap: reason=class_check action=maybe_recompile pc=0x000001f6bfa0e240 method=java.util.HashMap.putVal(ILjava/lang/Object;Ljava/lang/Object;ZZ)Ljava/lang/Object; @ 203 c2
Event: 2.193 Thread 0x000001f6cf798800 DEOPT PACKING pc=0x000001f6bfa0e240 sp=0x00000060c0efdaf0
Event: 2.193 Thread 0x000001f6cf798800 DEOPT UNPACKING pc=0x000001f6b7f5912f sp=0x00000060c0efda70 mode 2
Event: 2.193 Thread 0x000001f6cf798800 Uncommon trap: trap_request=0xffffffde fr.pc=0x000001f6bfa0e240 relative=0x0000000000000860
Event: 2.193 Thread 0x000001f6cf798800 Uncommon trap: reason=class_check action=maybe_recompile pc=0x000001f6bfa0e240 method=java.util.HashMap.putVal(ILjava/lang/Object;Ljava/lang/Object;ZZ)Ljava/lang/Object; @ 203 c2
Event: 2.193 Thread 0x000001f6cf798800 DEOPT PACKING pc=0x000001f6bfa0e240 sp=0x00000060c0efdaf0
Event: 2.193 Thread 0x000001f6cf798800 DEOPT UNPACKING pc=0x000001f6b7f5912f sp=0x00000060c0efda70 mode 2

Classes unloaded (0 events):
No events

Classes redefined (0 events):
No events

Internal exceptions (13 events):
Event: 0.422 Thread 0x000001f6af77a000 Exception <a 'java/lang/ClassNotFoundException'{0x00000000896d35d0}: sun/awt/resources/spi/awtProvider> (0x00000000896d35d0) 
thrown [./open/src/hotspot/share/classfile/systemDictionary.cpp, line 226]
Event: 0.574 Thread 0x000001f6af77a000 Exception <a 'java/io/FileNotFoundException'{0x0000000089528218}> (0x0000000089528218) 
thrown [./open/src/hotspot/share/prims/jni.cpp, line 599]
Event: 0.581 Thread 0x000001f6af77a000 Exception <a 'java/io/FileNotFoundException'{0x000000008954e6e0}> (0x000000008954e6e0) 
thrown [./open/src/hotspot/share/prims/jni.cpp, line 599]
Event: 1.077 Thread 0x000001f6cf798800 Exception <a 'java/lang/NoSuchMethodError'{0x00000000894f4b68}: 'void java.lang.invoke.DirectMethodHandle$Holder.invokeSpecial(java.lang.Object, java.lang.Object)'> (0x00000000894f4b68) 
thrown [./open/src/hotspot/share/interpreter/linkResolver.cpp, line 766]
Event: 1.394 Thread 0x000001f6af77a000 Exception <a 'java/lang/NoSuchMethodError'{0x000000008933bde8}: 'java.lang.Object java.lang.invoke.DirectMethodHandle$Holder.invokeStatic(java.lang.Object, int, java.lang.Object, java.lang.Object, java.lang.Object, java.lang.Object)'> (0x000000008933bde8) 
thrown [./open/src/hotspot/share/interpreter/linkResolver.cpp, line 766]
Event: 1.395 Thread 0x000001f6af77a000 Exception <a 'java/lang/NoSuchMethodError'{0x0000000089342708}: 'java.lang.Object java.lang.invoke.DirectMethodHandle$Holder.invokeStatic(java.lang.Object, int, java.lang.Object, java.lang.Object, java.lang.Object)'> (0x0000000089342708) 
thrown [./open/src/hotspot/share/interpreter/linkResolver.cpp, line 766]
Event: 1.395 Thread 0x000001f6af77a000 Exception <a 'java/lang/NoSuchMethodError'{0x0000000089345f58}: 'java.lang.Object java.lang.invoke.DirectMethodHandle$Holder.invokeSpecial(java.lang.Object, java.lang.Object, int, java.lang.Object, java.lang.Object, java.lang.Object)'> (0x0000000089345f58) 
thrown [./open/src/hotspot/share/interpreter/linkResolver.cpp, line 766]
Event: 1.401 Thread 0x000001f6af77a000 Exception <a 'java/lang/NoSuchMethodError'{0x000000008935c300}: 'java.lang.Object java.lang.invoke.DirectMethodHandle$Holder.invokeStatic(java.lang.Object, int, java.lang.Object)'> (0x000000008935c300) 
thrown [./open/src/hotspot/share/interpreter/linkResolver.cpp, line 766]
Event: 1.473 Thread 0x000001f6af77a000 Exception <a 'java/lang/ClassNotFoundException'{0x00000000893ffcd0}: com/sun/swing/internal/plaf/metal/resources/spi/metalProvider> (0x00000000893ffcd0) 
thrown [./open/src/hotspot/share/classfile/systemDictionary.cpp, line 226]
Event: 1.478 Thread 0x000001f6af77a000 Exception <a 'java/lang/ClassNotFoundException'{0x0000000089204be8}: com/sun/swing/internal/plaf/basic/resources/spi/basicProvider> (0x0000000089204be8) 
thrown [./open/src/hotspot/share/classfile/systemDictionary.cpp, line 226]
Event: 1.830 Thread 0x000001f6af77a000 Exception <a 'java/io/FileNotFoundException'{0x000000008925ceb0}> (0x000000008925ceb0) 
thrown [./open/src/hotspot/share/prims/jni.cpp, line 599]
Event: 2.419 Thread 0x000001f6af77a000 Exception <a 'java/lang/NoSuchMethodError'{0x00000000890f49f8}: 'void java.lang.invoke.DirectMethodHandle$Holder.invokeStaticInit(java.lang.Object)'> (0x00000000890f49f8) 
thrown [./open/src/hotspot/share/interpreter/linkResolver.cpp, line 766]
Event: 2.439 Thread 0x000001f6af77a000 Exception <a 'java/lang/NoSuchMethodError'{0x0000000088f26c38}: 'java.lang.Object java.lang.invoke.Invokers$Holder.linkToTargetMethod(java.lang.Object, int, java.lang.Object)'> (0x0000000088f26c38) 
thrown [./open/src/hotspot/share/interpreter/linkResolver.cpp, line 766]

Events (20 events):
Event: 2.421 loading class sun/awt/NativeLibLoader$1
Event: 2.421 loading class sun/awt/NativeLibLoader$1 done
Event: 2.422 loading class sun/awt/FontConfiguration$2
Event: 2.422 loading class sun/awt/FontConfiguration$2 done
Event: 2.422 loading class sun/awt/windows/WDefaultFontCharset
Event: 2.431 loading class sun/awt/AWTCharset
Event: 2.431 loading class sun/awt/AWTCharset done
Event: 2.431 loading class sun/awt/windows/WDefaultFontCharset done
Event: 2.432 loading class sun/awt/windows/WDefaultFontCharset$Encoder
Event: 2.432 loading class sun/awt/AWTCharset$Encoder
Event: 2.432 loading class sun/awt/AWTCharset$Encoder done
Event: 2.432 loading class sun/awt/windows/WDefaultFontCharset$Encoder done
Event: 2.433 loading class sun/awt/windows/WingDings
Event: 2.435 loading class sun/awt/windows/WingDings done
Event: 2.435 loading class sun/awt/windows/WingDings$Encoder
Event: 2.435 loading class sun/awt/windows/WingDings$Encoder done
Event: 2.435 loading class sun/awt/Symbol
Event: 2.435 loading class sun/awt/Symbol done
Event: 2.435 loading class sun/awt/Symbol$Encoder
Event: 2.436 loading class sun/awt/Symbol$Encoder done


Dynamic libraries:
0x00007ff643760000 - 0x00007ff64376f000 	C:\Program Files\Java\jdk-14.0.2\bin\javaw.exe
0x00007ffce2520000 - 0x00007ffce2710000 	C:\WINDOWS\SYSTEM32\ntdll.dll
0x00007ffce1f50000 - 0x00007ffce2002000 	C:\WINDOWS\System32\KERNEL32.DLL
0x00007ffce02f0000 - 0x00007ffce0595000 	C:\WINDOWS\System32\KERNELBASE.dll
0x00007ffcdfe00000 - 0x00007ffcdfefa000 	C:\WINDOWS\System32\ucrtbase.dll
0x00007ffcb3710000 - 0x00007ffcb3728000 	C:\Program Files\Java\jdk-14.0.2\bin\jli.dll
0x00007ffcd3540000 - 0x00007ffcd3555000 	C:\Program Files\Java\jdk-14.0.2\bin\VCRUNTIME140.dll
0x00007ffce0900000 - 0x00007ffce09a3000 	C:\WINDOWS\System32\ADVAPI32.dll
0x00007ffce13d0000 - 0x00007ffce146e000 	C:\WINDOWS\System32\msvcrt.dll
0x00007ffce1d10000 - 0x00007ffce1da7000 	C:\WINDOWS\System32\sechost.dll
0x00007ffce2190000 - 0x00007ffce22b0000 	C:\WINDOWS\System32\RPCRT4.dll
0x00007ffce1230000 - 0x00007ffce13c5000 	C:\WINDOWS\System32\USER32.dll
0x00007ffce05a0000 - 0x00007ffce05c1000 	C:\WINDOWS\System32\win32u.dll
0x00007ffcdc3b0000 - 0x00007ffcdc634000 	C:\WINDOWS\WinSxS\amd64_microsoft.windows.common-controls_6595b64144ccf1df_6.0.18362.1082_none_9e8193e1e45b25c1\COMCTL32.dll
0x00007ffce1e80000 - 0x00007ffce1ea6000 	C:\WINDOWS\System32\GDI32.dll
0x00007ffce0ef0000 - 0x00007ffce1225000 	C:\WINDOWS\System32\combase.dll
0x00007ffce0150000 - 0x00007ffce02e6000 	C:\WINDOWS\System32\gdi32full.dll
0x00007ffcdf4b0000 - 0x00007ffcdf530000 	C:\WINDOWS\System32\bcryptPrimitives.dll
0x00007ffce0060000 - 0x00007ffce00fe000 	C:\WINDOWS\System32\msvcp_win.dll
0x00007ffcddc20000 - 0x00007ffcddc2a000 	C:\WINDOWS\SYSTEM32\VERSION.dll
0x00007ffce2160000 - 0x00007ffce218e000 	C:\WINDOWS\System32\IMM32.DLL
0x00007ffc8b6e0000 - 0x00007ffc8b77b000 	C:\Program Files\Java\jdk-14.0.2\bin\msvcp140.dll
0x00007ffc63270000 - 0x00007ffc63d8e000 	C:\Program Files\Java\jdk-14.0.2\bin\server\jvm.dll
0x00007ffce2010000 - 0x00007ffce2018000 	C:\WINDOWS\System32\PSAPI.DLL
0x00007ffcdd3f0000 - 0x00007ffcdd414000 	C:\WINDOWS\SYSTEM32\WINMM.dll
0x00007ffcce290000 - 0x00007ffcce299000 	C:\WINDOWS\SYSTEM32\WSOCK32.dll
0x00007ffce1ca0000 - 0x00007ffce1d0f000 	C:\WINDOWS\System32\WS2_32.dll
0x00007ffcdd3c0000 - 0x00007ffcdd3ed000 	C:\WINDOWS\SYSTEM32\winmmbase.dll
0x00007ffce0100000 - 0x00007ffce014a000 	C:\WINDOWS\System32\cfgmgr32.dll
0x00007ffcdf490000 - 0x00007ffcdf4a1000 	C:\WINDOWS\System32\kernel.appcore.dll
0x00007ffcd65f0000 - 0x00007ffcd65fa000 	C:\Program Files\Java\jdk-14.0.2\bin\jimage.dll
0x00007ffcdd8b0000 - 0x00007ffcddaa4000 	C:\WINDOWS\SYSTEM32\DBGHELP.DLL
0x00007ffcdd880000 - 0x00007ffcdd8aa000 	C:\WINDOWS\SYSTEM32\dbgcore.DLL
0x00007ffc96790000 - 0x00007ffc967b5000 	C:\Program Files\Java\jdk-14.0.2\bin\java.dll
0x00007ffcb36d0000 - 0x00007ffcb36e6000 	C:\Program Files\Java\jdk-14.0.2\bin\zip.dll
0x00007ffce1500000 - 0x00007ffce1be7000 	C:\WINDOWS\System32\SHELL32.dll
0x00007ffce1bf0000 - 0x00007ffce1c99000 	C:\WINDOWS\System32\shcore.dll
0x00007ffcdf530000 - 0x00007ffcdfcb0000 	C:\WINDOWS\System32\windows.storage.dll
0x00007ffcdf440000 - 0x00007ffcdf463000 	C:\WINDOWS\System32\profapi.dll
0x00007ffcdf3f0000 - 0x00007ffcdf43a000 	C:\WINDOWS\System32\powrprof.dll
0x00007ffcdf3e0000 - 0x00007ffcdf3f0000 	C:\WINDOWS\System32\UMPDC.dll
0x00007ffce0e90000 - 0x00007ffce0ee2000 	C:\WINDOWS\System32\shlwapi.dll
0x00007ffcdff60000 - 0x00007ffcdff77000 	C:\WINDOWS\System32\cryptsp.dll
0x00007ffcb35e0000 - 0x00007ffcb35f9000 	C:\Program Files\Java\jdk-14.0.2\bin\net.dll
0x00007ffcd63d0000 - 0x00007ffcd64c0000 	C:\WINDOWS\SYSTEM32\WINHTTP.dll
0x00007ffcdebd0000 - 0x00007ffcdec37000 	C:\WINDOWS\system32\mswsock.dll
0x00007ffca8550000 - 0x00007ffca8562000 	C:\Program Files\Java\jdk-14.0.2\bin\nio.dll
0x00007ffcd2b50000 - 0x00007ffcd2b60000 	C:\Program Files\Java\jdk-14.0.2\bin\verify.dll
0x00007ffc7d700000 - 0x00007ffc7d899000 	C:\Program Files\Java\jdk-14.0.2\bin\awt.dll
0x00007ffce2410000 - 0x00007ffce24d5000 	C:\WINDOWS\System32\OLEAUT32.dll
0x00007ffcdd4f0000 - 0x00007ffcdd57f000 	C:\WINDOWS\SYSTEM32\apphelp.dll
0x00007ffcdd760000 - 0x00007ffcdd78d000 	C:\WINDOWS\system32\DWMAPI.DLL
0x00007ffcdd5a0000 - 0x00007ffcdd639000 	C:\WINDOWS\system32\uxtheme.dll
0x00007ffcdb2e0000 - 0x00007ffcdb436000 	C:\WINDOWS\system32\opengl32.dll
0x00007ffcddfd0000 - 0x00007ffcddffc000 	C:\WINDOWS\SYSTEM32\GLU32.dll
0x00007ffcde0a0000 - 0x00007ffcde0c0000 	C:\WINDOWS\SYSTEM32\dxcore.dll
0x00007ffce2020000 - 0x00007ffce2155000 	C:\WINDOWS\System32\MSCTF.dll
0x00007ffce22b0000 - 0x00007ffce2407000 	C:\WINDOWS\System32\ole32.dll
0x00007ffc84780000 - 0x00007ffc84802000 	C:\Program Files\Java\jdk-14.0.2\bin\freetype.dll
0x00007ffc83aa0000 - 0x00007ffc83b46000 	C:\Program Files\Java\jdk-14.0.2\bin\fontmanager.dll

dbghelp: loaded successfully - version: 4.0.5 - missing functions: none
symbol engine: initialized successfully - sym options: 0x614 - pdb path: .;C:\Program Files\Java\jdk-14.0.2\bin;C:\WINDOWS\SYSTEM32;C:\WINDOWS\WinSxS\amd64_microsoft.windows.common-controls_6595b64144ccf1df_6.0.18362.1082_none_9e8193e1e45b25c1;C:\Program Files\Java\jdk-14.0.2\bin\server

VM Arguments:
jvm_args: -Dfile.encoding=UTF-8 
java_command: antlr.debug.misc.ASTFrame
java_class_path (initial): C:\Users\user\Documents\workspace-spring-tool-suite-4-4.7.2.RELEASE\mrs\target\classes;C:\Users\user\.m2\repository\org\springframework\boot\spring-boot-starter-data-jpa\2.3.3.RELEASE\spring-boot-starter-data-jpa-2.3.3.RELEASE.jar;C:\Users\user\.m2\repository\org\springframework\boot\spring-boot-starter-aop\2.3.3.RELEASE\spring-boot-starter-aop-2.3.3.RELEASE.jar;C:\Users\user\.m2\repository\org\aspectj\aspectjweaver\1.9.6\aspectjweaver-1.9.6.jar;C:\Users\user\.m2\repository\org\springframework\boot\spring-boot-starter-jdbc\2.3.3.RELEASE\spring-boot-starter-jdbc-2.3.3.RELEASE.jar;C:\Users\user\.m2\repository\com\zaxxer\HikariCP\3.4.5\HikariCP-3.4.5.jar;C:\Users\user\.m2\repository\org\springframework\spring-jdbc\5.2.8.RELEASE\spring-jdbc-5.2.8.RELEASE.jar;C:\Users\user\.m2\repository\jakarta\transaction\jakarta.transaction-api\1.3.3\jakarta.transaction-api-1.3.3.jar;C:\Users\user\.m2\repository\jakarta\persistence\jakarta.persistence-api\2.2.3\jakarta.persistence-api-2.2.3.jar;C:\Users\user\.m2\repository\org\hibernate\hibernate-core\5.4.20.Final\hibernate-core-5.4.20.Final.jar;C:\Users\user\.m2\repository\org\javassist\javassist\3.24.0-GA\javassist-3.24.0-GA.jar;C:\Users\user\.m2\repository\net\bytebuddy\byte-buddy\1.10.14\byte-buddy-1.10.14.jar;C:\Users\user\.m2\repository\antlr\antlr\2.7.7\antlr-2.7.7.jar;C:\Users\user\.m2\repository\org\jboss\jandex\2.1.3.Final\jandex-2.1.3.Final.jar;C:\Users\user\.m2\repository\org\dom4j\dom4j\2.1.3\dom4j-2.1.3.jar;C:\Users\user\.m2\repository\org\hibernate\common\hibernate-commons-annotations\5.1.0.Final\hibernate-commons-annotations-5.1.0.Final.jar;C:\Users\user\.m2\repository\org\glassfish\jaxb\jaxb-runtime\2.3.3\jaxb-runtime-2.3.3.jar;C:\Users\user\.m2\repository\org\glassfish\jaxb\txw2\2.3.3\txw2-2.3.3.jar;C:\Users\user\.m2\repository\com\sun\istack\istack-commons-runtime\3.0.11\istack-commons-runtime-3.0.11.jar;C:\Users\user\.m2\repository\com\sun\activation\jakarta.activation\1.2.2\jakarta.act
Launcher Type: SUN_STANDARD

[Global flags]
     intx CICompilerCount                          = 4                                         {product} {ergonomic}
     uint ConcGCThreads                            = 2                                         {product} {ergonomic}
     uint G1ConcRefinementThreads                  = 8                                         {product} {ergonomic}
   size_t G1HeapRegionSize                         = 1048576                                   {product} {ergonomic}
    uintx GCDrainStackTargetSize                   = 64                                        {product} {ergonomic}
   size_t InitialHeapSize                          = 134217728                                 {product} {ergonomic}
   size_t MarkStackSize                            = 4194304                                   {product} {ergonomic}
   size_t MaxHeapSize                              = 2118123520                                {product} {ergonomic}
   size_t MaxNewSize                               = 1270874112                                {product} {ergonomic}
   size_t MinHeapDeltaBytes                        = 1048576                                   {product} {ergonomic}
   size_t MinHeapSize                              = 8388608                                   {product} {ergonomic}
    uintx NonNMethodCodeHeapSize                   = 5839372                                {pd product} {ergonomic}
    uintx NonProfiledCodeHeapSize                  = 122909434                              {pd product} {ergonomic}
    uintx ProfiledCodeHeapSize                     = 122909434                              {pd product} {ergonomic}
    uintx ReservedCodeCacheSize                    = 251658240                              {pd product} {ergonomic}
     bool SegmentedCodeCache                       = true                                      {product} {ergonomic}
   size_t SoftMaxHeapSize                          = 2118123520                             {manageable} {ergonomic}
     bool UseCompressedClassPointers               = true                                 {lp64_product} {ergonomic}
     bool UseCompressedOops                        = true                                 {lp64_product} {ergonomic}
     bool UseG1GC                                  = true                                      {product} {ergonomic}
     bool UseLargePagesIndividualAllocation        = false                                  {pd product} {ergonomic}

Logging:
Log output configuration:
 #0: stdout all=warning uptime,level,tags
 #1: stderr all=off uptime,level,tags

Environment Variables:
JAVA_HOME=C:\Program Files\Java\jdk1.8.0_121
PATH=C:/Program Files/Java/jre1.8.0_261/bin/server;C:/Program Files/Java/jre1.8.0_261/bin;C:/Program Files/Java/jre1.8.0_261/lib/amd64;C:\Program Files (x86)\Common Files\Oracle\Java\javapath;C:\ProgramData\Oracle\Java\javapath;C:\Program Files (x86)\Intel\iCLS Client\;C:\Program Files\Intel\iCLS Client\;C:\WINDOWS\system32;C:\WINDOWS;C:\WINDOWS\System32\Wbem;C:\WINDOWS\System32\WindowsPowerShell\v1.0\;C:\Program Files\Intel\Intel(R) Management Engine Components\DAL;C:\Program Files\Intel\Intel(R) Management Engine Components\IPT;C:\Program Files (x86)\Intel\Intel(R) Management Engine Components\DAL;C:\Program Files (x86)\Intel\Intel(R) Management Engine Components\IPT;C:\Program Files (x86)\Intel\OpenCL SDK\2.0\bin\x86;C:\Program Files (x86)\Intel\OpenCL SDK\2.0\bin\x64;C:\Program Files\Microsoft\Web Platform Installer\;C:\Program Files (x86)\Microsoft ASP.NET\ASP.NET Web Pages\v1.0\;C:\Program Files\Microsoft SQL Server\110\Tools\Binn\;C:\WINDOWS\system32\config\systemprofile\.dnx\bin;C:\Program Files\Microsoft DNX\Dnvm\;C:\Program Files\Microsoft SQL Server\130\Tools\Binn\;C:\Program Files\Microsoft SQL Server\Client SDK\ODBC\110\Tools\Binn\;C:\Program Files (x86)\Microsoft SQL Server\120\Tools\Binn\;C:\Program Files\Microsoft SQL Server\120\Tools\Binn\;C:\Program Files\Microsoft SQL Server\120\DTS\Binn\;C:\Program Files (x86)\VisualSVN\bin;C:\Program Files (x86)\Microsoft SQL Server\120\Tools\Binn\ManagementStudio\;C:\Program Files (x86)\Microsoft SQL Server\120\DTS\Binn\;C:\Program Files\Java\jdk1.8.0_121\bin;C:\WINDOWS\System32\OpenSSH\;C:\Program Files\TortoiseSVN\bin;C:\Program Files\dotnet\;C:\Program Files\Microsoft SQL Server\Client SDK\ODBC\130\Tools\Binn\;C:\Program Files (x86)\Microsoft SQL Server\140\Tools\Binn\;C:\Program Files\Microsoft SQL Server\140\Tools\Binn\;C:\Program Files\Microsoft SQL Server\140\DTS\Binn\;C:\Program Files (x86)\Microsoft SQL Server\150\DTS\Binn\;C:\Program Files\nodejs\;C:\Users\user\AppData\Local\Microsoft\WindowsApps;C:\User
USERNAME=user
OS=Windows_NT
PROCESSOR_IDENTIFIER=Intel64 Family 6 Model 58 Stepping 9, GenuineIntel



---------------  S Y S T E M  ---------------

OS: Windows 10 , 64 bit Build 18362 (10.0.18362.1082)
OS uptime: 1 days 4:03 hours

CPU:total 8 (initial active 8) (4 cores per cpu, 2 threads per core) family 6 model 58 stepping 9, cmov, cx8, fxsr, mmx, sse, sse2, sse3, ssse3, sse4.1, sse4.2, popcnt, avx, aes, clmul, erms, ht, tsc, tscinvbit, tscinv

Memory: 4k page, system-wide physical 8078M (1380M free)
TotalPageFile size 16270M (AvailPageFile size 4357M)
current process WorkingSet (physical memory assigned to process): 62M, peak: 62M
current process commit charge ("private bytes"): 226M, peak: 226M

vm_info: Java HotSpot(TM) 64-Bit Server VM (14.0.2+12-46) for windows-amd64 JRE (14.0.2+12-46), built on Jul  9 2020 00:35:52 by "mach5one" with MS VC++ 15.9 (VS2017)

END.
